<?xml version="1.0" encoding="UTF-8"?>
<testsuite xmlns:xsi="http://www.w3.org/2001/XMLSchema-instance" xsi:noNamespaceSchemaLocation="https://maven.apache.org/surefire/maven-surefire-plugin/xsd/surefire-test-report.xsd" name="TestSuite" time="15.045" tests="9" errors="0" skipped="0" failures="3">
  <properties>
    <property name="gopherProxySet" value="false"/>
    <property name="awt.toolkit" value="sun.lwawt.macosx.LWCToolkit"/>
    <property name="java.specification.version" value="11"/>
    <property name="sun.cpu.isalist" value=""/>
    <property name="sun.jnu.encoding" value="UTF-8"/>
    <property name="java.class.path" value="/Users/60003723/Documents/projetos-automacoes/zro-bank-api-tests/target/test-classes:/Users/60003723/Documents/projetos-automacoes/zro-bank-api-tests/target/classes:/Users/60003723/.m2/repository/io/rest-assured/rest-assured/4.4.0/rest-assured-4.4.0.jar:/Users/60003723/.m2/repository/org/codehaus/groovy/groovy/3.0.8/groovy-3.0.8.jar:/Users/60003723/.m2/repository/org/codehaus/groovy/groovy-xml/3.0.8/groovy-xml-3.0.8.jar:/Users/60003723/.m2/repository/org/apache/httpcomponents/httpclient/4.5.13/httpclient-4.5.13.jar:/Users/60003723/.m2/repository/org/apache/httpcomponents/httpcore/4.4.13/httpcore-4.4.13.jar:/Users/60003723/.m2/repository/commons-logging/commons-logging/1.2/commons-logging-1.2.jar:/Users/60003723/.m2/repository/commons-codec/commons-codec/1.11/commons-codec-1.11.jar:/Users/60003723/.m2/repository/org/apache/httpcomponents/httpmime/4.5.13/httpmime-4.5.13.jar:/Users/60003723/.m2/repository/org/hamcrest/hamcrest/2.1/hamcrest-2.1.jar:/Users/60003723/.m2/repository/org/ccil/cowan/tagsoup/tagsoup/1.2.1/tagsoup-1.2.1.jar:/Users/60003723/.m2/repository/io/rest-assured/json-path/4.4.0/json-path-4.4.0.jar:/Users/60003723/.m2/repository/org/codehaus/groovy/groovy-json/3.0.8/groovy-json-3.0.8.jar:/Users/60003723/.m2/repository/io/rest-assured/rest-assured-common/4.4.0/rest-assured-common-4.4.0.jar:/Users/60003723/.m2/repository/io/rest-assured/xml-path/4.4.0/xml-path-4.4.0.jar:/Users/60003723/.m2/repository/org/apache/commons/commons-lang3/3.11/commons-lang3-3.11.jar:/Users/60003723/.m2/repository/jakarta/xml/bind/jakarta.xml.bind-api/2.3.3/jakarta.xml.bind-api-2.3.3.jar:/Users/60003723/.m2/repository/jakarta/activation/jakarta.activation-api/1.2.2/jakarta.activation-api-1.2.2.jar:/Users/60003723/.m2/repository/com/sun/xml/bind/jaxb-impl/2.3.3/jaxb-impl-2.3.3.jar:/Users/60003723/.m2/repository/junit/junit/4.11/junit-4.11.jar:/Users/60003723/.m2/repository/org/hamcrest/hamcrest-core/1.3/hamcrest-core-1.3.jar:/Users/60003723/.m2/repository/org/projectlombok/lombok/1.18.30/lombok-1.18.30.jar:/Users/60003723/.m2/repository/org/testng/testng/7.8.0/testng-7.8.0.jar:/Users/60003723/.m2/repository/org/slf4j/slf4j-api/1.7.36/slf4j-api-1.7.36.jar:/Users/60003723/.m2/repository/com/beust/jcommander/1.82/jcommander-1.82.jar:/Users/60003723/.m2/repository/org/webjars/jquery/3.6.1/jquery-3.6.1.jar:/Users/60003723/.m2/repository/com/google/code/gson/gson/2.8.8/gson-2.8.8.jar:/Users/60003723/.m2/repository/commons-io/commons-io/2.11.0/commons-io-2.11.0.jar:"/>
    <property name="java.vm.vendor" value="Amazon.com Inc."/>
    <property name="sun.arch.data.model" value="64"/>
    <property name="java.vendor.url" value="https://aws.amazon.com/corretto/"/>
    <property name="user.timezone" value=""/>
    <property name="java.vm.specification.version" value="11"/>
    <property name="os.name" value="Mac OS X"/>
    <property name="sun.java.launcher" value="SUN_STANDARD"/>
    <property name="user.country" value="BR"/>
    <property name="sun.boot.library.path" value="/Users/60003723/Library/Java/JavaVirtualMachines/corretto-11.0.15/Contents/Home/lib"/>
    <property name="sun.java.command" value="/Users/60003723/Documents/projetos-automacoes/zro-bank-api-tests/target/surefire/surefirebooter13735518492981535821.jar /Users/60003723/Documents/projetos-automacoes/zro-bank-api-tests/target/surefire 2023-12-13T15-51-34_998-jvmRun1 surefire15878111571761826001tmp surefire_013292204455891979708tmp"/>
    <property name="http.nonProxyHosts" value="local|*.local|169.254/16|*.169.254/16"/>
    <property name="jdk.debug" value="release"/>
    <property name="surefire.test.class.path" value="/Users/60003723/Documents/projetos-automacoes/zro-bank-api-tests/target/test-classes:/Users/60003723/Documents/projetos-automacoes/zro-bank-api-tests/target/classes:/Users/60003723/.m2/repository/io/rest-assured/rest-assured/4.4.0/rest-assured-4.4.0.jar:/Users/60003723/.m2/repository/org/codehaus/groovy/groovy/3.0.8/groovy-3.0.8.jar:/Users/60003723/.m2/repository/org/codehaus/groovy/groovy-xml/3.0.8/groovy-xml-3.0.8.jar:/Users/60003723/.m2/repository/org/apache/httpcomponents/httpclient/4.5.13/httpclient-4.5.13.jar:/Users/60003723/.m2/repository/org/apache/httpcomponents/httpcore/4.4.13/httpcore-4.4.13.jar:/Users/60003723/.m2/repository/commons-logging/commons-logging/1.2/commons-logging-1.2.jar:/Users/60003723/.m2/repository/commons-codec/commons-codec/1.11/commons-codec-1.11.jar:/Users/60003723/.m2/repository/org/apache/httpcomponents/httpmime/4.5.13/httpmime-4.5.13.jar:/Users/60003723/.m2/repository/org/hamcrest/hamcrest/2.1/hamcrest-2.1.jar:/Users/60003723/.m2/repository/org/ccil/cowan/tagsoup/tagsoup/1.2.1/tagsoup-1.2.1.jar:/Users/60003723/.m2/repository/io/rest-assured/json-path/4.4.0/json-path-4.4.0.jar:/Users/60003723/.m2/repository/org/codehaus/groovy/groovy-json/3.0.8/groovy-json-3.0.8.jar:/Users/60003723/.m2/repository/io/rest-assured/rest-assured-common/4.4.0/rest-assured-common-4.4.0.jar:/Users/60003723/.m2/repository/io/rest-assured/xml-path/4.4.0/xml-path-4.4.0.jar:/Users/60003723/.m2/repository/org/apache/commons/commons-lang3/3.11/commons-lang3-3.11.jar:/Users/60003723/.m2/repository/jakarta/xml/bind/jakarta.xml.bind-api/2.3.3/jakarta.xml.bind-api-2.3.3.jar:/Users/60003723/.m2/repository/jakarta/activation/jakarta.activation-api/1.2.2/jakarta.activation-api-1.2.2.jar:/Users/60003723/.m2/repository/com/sun/xml/bind/jaxb-impl/2.3.3/jaxb-impl-2.3.3.jar:/Users/60003723/.m2/repository/junit/junit/4.11/junit-4.11.jar:/Users/60003723/.m2/repository/org/hamcrest/hamcrest-core/1.3/hamcrest-core-1.3.jar:/Users/60003723/.m2/repository/org/projectlombok/lombok/1.18.30/lombok-1.18.30.jar:/Users/60003723/.m2/repository/org/testng/testng/7.8.0/testng-7.8.0.jar:/Users/60003723/.m2/repository/org/slf4j/slf4j-api/1.7.36/slf4j-api-1.7.36.jar:/Users/60003723/.m2/repository/com/beust/jcommander/1.82/jcommander-1.82.jar:/Users/60003723/.m2/repository/org/webjars/jquery/3.6.1/jquery-3.6.1.jar:/Users/60003723/.m2/repository/com/google/code/gson/gson/2.8.8/gson-2.8.8.jar:/Users/60003723/.m2/repository/commons-io/commons-io/2.11.0/commons-io-2.11.0.jar:"/>
    <property name="sun.cpu.endian" value="little"/>
    <property name="user.home" value="/Users/60003723"/>
    <property name="user.language" value="pt"/>
    <property name="java.specification.vendor" value="Oracle Corporation"/>
    <property name="java.version.date" value="2022-04-19"/>
    <property name="java.home" value="/Users/60003723/Library/Java/JavaVirtualMachines/corretto-11.0.15/Contents/Home"/>
    <property name="file.separator" value="/"/>
    <property name="basedir" value="/Users/60003723/Documents/projetos-automacoes/zro-bank-api-tests"/>
    <property name="java.vm.compressedOopsMode" value="Zero based"/>
    <property name="line.separator" value="&#10;"/>
    <property name="java.specification.name" value="Java Platform API Specification"/>
    <property name="java.vm.specification.vendor" value="Oracle Corporation"/>
    <property name="java.awt.graphicsenv" value="sun.awt.CGraphicsEnvironment"/>
    <property name="surefire.real.class.path" value="/Users/60003723/Documents/projetos-automacoes/zro-bank-api-tests/target/surefire/surefirebooter13735518492981535821.jar"/>
    <property name="sun.management.compiler" value="HotSpot 64-Bit Tiered Compilers"/>
    <property name="ftp.nonProxyHosts" value="local|*.local|169.254/16|*.169.254/16"/>
    <property name="java.runtime.version" value="11.0.15+9-LTS"/>
    <property name="user.name" value="60003723"/>
    <property name="path.separator" value=":"/>
    <property name="os.version" value="14.1.1"/>
    <property name="java.runtime.name" value="OpenJDK Runtime Environment"/>
    <property name="file.encoding" value="UTF-8"/>
    <property name="java.vm.name" value="OpenJDK 64-Bit Server VM"/>
    <property name="java.vendor.version" value="Corretto-11.0.15.9.1"/>
    <property name="localRepository" value="/Users/60003723/.m2/repository"/>
    <property name="java.vendor.url.bug" value="https://github.com/corretto/corretto-11/issues/"/>
    <property name="java.io.tmpdir" value="/var/folders/_b/8qgkyr5s5hb3f9d3h8z6srm19d2xyb/T/"/>
    <property name="java.version" value="11.0.15"/>
    <property name="user.dir" value="/Users/60003723/Documents/projetos-automacoes/zro-bank-api-tests"/>
    <property name="os.arch" value="x86_64"/>
    <property name="java.vm.specification.name" value="Java Virtual Machine Specification"/>
    <property name="java.awt.printerjob" value="sun.lwawt.macosx.CPrinterJob"/>
    <property name="sun.os.patch.level" value="unknown"/>
    <property name="java.library.path" value="/Users/60003723/Library/Java/Extensions:/Library/Java/Extensions:/Network/Library/Java/Extensions:/System/Library/Java/Extensions:/usr/lib/java:."/>
    <property name="java.vm.info" value="mixed mode"/>
    <property name="java.vendor" value="Amazon.com Inc."/>
    <property name="java.vm.version" value="11.0.15+9-LTS"/>
    <property name="sun.io.unicode.encoding" value="UnicodeBig"/>
    <property name="java.class.version" value="55.0"/>
    <property name="socksNonProxyHosts" value="local|*.local|169.254/16|*.169.254/16"/>
  </properties>
  <testcase name="decodePixKey" classname="pix.PixPaymentsRunnerTest" time="1.561"/>
  <testcase name="decodePixQrCodeDynamic" classname="pix.PixPaymentsRunnerTest" time="0.725">
    <failure message="1 expectation failed.&#10;Expected status code &lt;200&gt; but was &lt;422&gt;.&#10;" type="java.lang.AssertionError"><![CDATA[java.lang.AssertionError: 
1 expectation failed.
Expected status code <200> but was <422>.

	at pix.PixPaymentsRunnerTest.decodePixQrCodeDynamic(PixPaymentsRunnerTest.java:47)
]]></failure>
    <system-out><![CDATA[Request method:	GET
Request URI:	https://api-users.zrobank.xyz/pix/payments/decode?emv=00020126940014br.gov.bcb.pix2572qr-h.sandbox.pix.bcb.gov.br%2Frest%2Fapi%2Fv2%2F384a6c2756b44704a6e29f8046774ab25204000053039865802BR5903Pix6008BRASILIA62070503***63048EF8
Proxy:			<none>
Request params:	emv=00020126940014br.gov.bcb.pix2572qr-h.sandbox.pix.bcb.gov.br/rest/api/v2/384a6c2756b44704a6e29f8046774ab25204000053039865802BR5903Pix6008BRASILIA62070503***63048EF8
Query params:	<none>
Form params:	<none>
Path params:	<none>
Headers:		Authorization=Bearer eyJhbGciOiJIUzI1NiIsInR5cCI6IkpXVCJ9.eyJwaG9uZV9udW1iZXIiOiI1NTExOTAxMDEwMTAxIiwiaWF0IjoxNzAyNDkzNTAwLCJ2ZXJzaW9uIjoiMiIsImlkIjoiODM2YjJhZmUtNjU5OS00NzI3LWI4YzMtYzgyYTVjNjllN2RhIiwicmVmcmVzaF90b2tlbiI6eyJ1dWlkIjoiNzFkNjM0ZGYtZDc5NS00NDMyLTlmMDktM2I5ODc0NjU4NTIxIiwiZWF0IjoiMjAyNC0wMS0xMlQxODo1MTo0MC42ODhaIn0sImRpc2FibGVkX3NlcnZpY2VzIjpudWxsLCJleHAiOjE3MDI4MDg4NjB9.KShZwCVjNin_3oBmIoRLDSd3tbecvqV5-R48FFK3Yxs
				x-transaction-uuid=77bd630d-a47a-4711-a512-8f9e85c0afad
				nonce=421b44c1-9812-4fa4-842e-6b7b18173629
				Accept=*/*
				Content-Type=application/json
Cookies:		<none>
Multiparts:		<none>
Body:			<none>
HTTP/1.1 422 Unprocessable Entity
Date: Wed, 13 Dec 2023 18:51:43 GMT
Content-Type: application/json; charset=utf-8
Content-Length: 128
Connection: keep-alive
content-security-policy: default-src 'self';base-uri 'self';font-src 'self' https: data:;form-action 'self';frame-ancestors 'self';img-src 'self' data:;object-src 'none';script-src 'self';script-src-attr 'none';style-src 'self' https: 'unsafe-inline';upgrade-insecure-requests
cross-origin-opener-policy: same-origin
cross-origin-resource-policy: same-origin
origin-agent-cluster: ?1
referrer-policy: no-referrer
strict-transport-security: max-age=15552000; includeSubDomains
x-content-type-options: nosniff
x-dns-prefetch-control: off
x-download-options: noopen
x-frame-options: SAMEORIGIN
x-permitted-cross-domain-policies: none
x-xss-protection: 0
x-ratelimit-limit: 5000
x-ratelimit-remaining: 4999
x-ratelimit-reset: 1
etag: W/"80-MLm0JrCENA0wUwLTnVyVNA57WmM"
CF-Cache-Status: DYNAMIC
Report-To: {"endpoints":[{"url":"https:\/\/a.nel.cloudflare.com\/report\/v3?s=RKPj2m5EVY4rF7dQCcn773r553rX7F60aKbxXDET%2FWpje9YLKprZdjQZwTyTk%2BKTKlap1JuKEayKp3oMyMLKw8oyjlUqM3TwXNaBC6aMCMEQVAvE6NvFEG466LCEroTmN3sQJ2cLWV0%3D"}],"group":"cf-nel","max_age":604800}
NEL: {"success_fraction":0,"report_to":"cf-nel","max_age":604800}
Server: cloudflare
CF-RAY: 8350666c6da7a4a2-GRU
alt-svc: h3=":443"; ma=86400

{
    "success": false,
    "data": null,
    "error": "USER",
    "message": "Banco não disponível. Por favor verifique os dados e tente novamente."
}
]]></system-out>
  </testcase>
  <testcase name="decodePixQrCodeDynamicDueDate" classname="pix.PixPaymentsRunnerTest" time="1.183">
    <failure message="1 expectation failed.&#10;Expected status code &lt;200&gt; but was &lt;422&gt;.&#10;" type="java.lang.AssertionError"><![CDATA[java.lang.AssertionError: 
1 expectation failed.
Expected status code <200> but was <422>.

	at pix.PixPaymentsRunnerTest.decodePixQrCodeDynamicDueDate(PixPaymentsRunnerTest.java:58)
]]></failure>
    <system-out><![CDATA[Request method:	GET
Request URI:	https://api-users.zrobank.xyz/pix/payments/decode?emv=00020126940014br.gov.bcb.pix2572qr-h.sandbox.pix.bcb.gov.br%2Frest%2Fapi%2Fv2%2F384a6c2756b44704a6e29f8046774ab25204000053039865802BR5903Pix6008BRASILIA62070503***63048EF8
Proxy:			<none>
Request params:	emv=00020126940014br.gov.bcb.pix2572qr-h.sandbox.pix.bcb.gov.br/rest/api/v2/384a6c2756b44704a6e29f8046774ab25204000053039865802BR5903Pix6008BRASILIA62070503***63048EF8
Query params:	<none>
Form params:	<none>
Path params:	<none>
Headers:		Authorization=Bearer eyJhbGciOiJIUzI1NiIsInR5cCI6IkpXVCJ9.eyJwaG9uZV9udW1iZXIiOiI1NTExOTAxMDEwMTAxIiwiaWF0IjoxNzAyNDkzNTAwLCJ2ZXJzaW9uIjoiMiIsImlkIjoiODM2YjJhZmUtNjU5OS00NzI3LWI4YzMtYzgyYTVjNjllN2RhIiwicmVmcmVzaF90b2tlbiI6eyJ1dWlkIjoiNzFkNjM0ZGYtZDc5NS00NDMyLTlmMDktM2I5ODc0NjU4NTIxIiwiZWF0IjoiMjAyNC0wMS0xMlQxODo1MTo0MC42ODhaIn0sImRpc2FibGVkX3NlcnZpY2VzIjpudWxsLCJleHAiOjE3MDI4MDg4NjB9.KShZwCVjNin_3oBmIoRLDSd3tbecvqV5-R48FFK3Yxs
				x-transaction-uuid=a86a2e33-b6a4-4be6-87c3-7a74de29c456
				nonce=9cb10ede-8f2d-42a5-9236-a005c90c60ec
				Accept=*/*
				Content-Type=application/json
Cookies:		<none>
Multiparts:		<none>
Body:			<none>
HTTP/1.1 422 Unprocessable Entity
Date: Wed, 13 Dec 2023 18:51:45 GMT
Content-Type: application/json; charset=utf-8
Content-Length: 128
Connection: keep-alive
content-security-policy: default-src 'self';base-uri 'self';font-src 'self' https: data:;form-action 'self';frame-ancestors 'self';img-src 'self' data:;object-src 'none';script-src 'self';script-src-attr 'none';style-src 'self' https: 'unsafe-inline';upgrade-insecure-requests
cross-origin-opener-policy: same-origin
cross-origin-resource-policy: same-origin
origin-agent-cluster: ?1
referrer-policy: no-referrer
strict-transport-security: max-age=15552000; includeSubDomains
x-content-type-options: nosniff
x-dns-prefetch-control: off
x-download-options: noopen
x-frame-options: SAMEORIGIN
x-permitted-cross-domain-policies: none
x-xss-protection: 0
x-ratelimit-limit: 5000
x-ratelimit-remaining: 4999
x-ratelimit-reset: 1
etag: W/"80-MLm0JrCENA0wUwLTnVyVNA57WmM"
CF-Cache-Status: DYNAMIC
Report-To: {"endpoints":[{"url":"https:\/\/a.nel.cloudflare.com\/report\/v3?s=4eeFL8JZQ5YXRmR45Sbi30v7KabvYEbDWBG6Ad%2F2Z1liYW%2F%2FSMrGdhtkC45wzWZhSL26YNkb%2Bnf2SDI5570IcpoF%2BfkbciTVXP9VbZ8Tqn9bmUjqqfl5Yk%2FE8LXrO%2BZ6pYkIwPQfIV8%3D"}],"group":"cf-nel","max_age":604800}
NEL: {"success_fraction":0,"report_to":"cf-nel","max_age":604800}
Server: cloudflare
CF-RAY: 83506672bf140359-MIA
alt-svc: h3=":443"; ma=86400

{
    "success": false,
    "data": null,
    "error": "USER",
    "message": "Banco não disponível. Por favor verifique os dados e tente novamente."
}
]]></system-out>
  </testcase>
  <testcase name="decodePixQrCodeStatic" classname="pix.PixPaymentsRunnerTest" time="1.167">
    <failure message="1 expectation failed.&#10;Expected status code &lt;200&gt; but was &lt;422&gt;.&#10;" type="java.lang.AssertionError"><![CDATA[java.lang.AssertionError: 
1 expectation failed.
Expected status code <200> but was <422>.

	at pix.PixPaymentsRunnerTest.decodePixQrCodeStatic(PixPaymentsRunnerTest.java:36)
]]></failure>
    <system-out><![CDATA[Request method:	GET
Request URI:	https://api-users.zrobank.xyz/pix/payments/decode?emv=00020126820014br.gov.bcb.pix01364004901d-bd85-4769-8e52-cb4c42c506dc0220Jornada%20pagador%2093835204000053039865406829.825802BR5903Pix6008BRASILIA62290525e33339b8d74d4b319938b68276304F307
Proxy:			<none>
Request params:	emv=00020126820014br.gov.bcb.pix01364004901d-bd85-4769-8e52-cb4c42c506dc0220Jornada pagador 93835204000053039865406829.825802BR5903Pix6008BRASILIA62290525e33339b8d74d4b319938b68276304F307
Query params:	<none>
Form params:	<none>
Path params:	<none>
Headers:		Authorization=Bearer eyJhbGciOiJIUzI1NiIsInR5cCI6IkpXVCJ9.eyJwaG9uZV9udW1iZXIiOiI1NTExOTAxMDEwMTAxIiwiaWF0IjoxNzAyNDkzNTAwLCJ2ZXJzaW9uIjoiMiIsImlkIjoiODM2YjJhZmUtNjU5OS00NzI3LWI4YzMtYzgyYTVjNjllN2RhIiwicmVmcmVzaF90b2tlbiI6eyJ1dWlkIjoiNzFkNjM0ZGYtZDc5NS00NDMyLTlmMDktM2I5ODc0NjU4NTIxIiwiZWF0IjoiMjAyNC0wMS0xMlQxODo1MTo0MC42ODhaIn0sImRpc2FibGVkX3NlcnZpY2VzIjpudWxsLCJleHAiOjE3MDI4MDg4NjB9.KShZwCVjNin_3oBmIoRLDSd3tbecvqV5-R48FFK3Yxs
				x-transaction-uuid=7ed1692b-00e8-42cb-a5f5-58dac17e7bac
				nonce=cb44d42c-a5d8-4ee4-87ed-23b038b71b62
				Accept=*/*
				Content-Type=application/json
Cookies:		<none>
Multiparts:		<none>
Body:			<none>
HTTP/1.1 422 Unprocessable Entity
Date: Wed, 13 Dec 2023 18:51:46 GMT
Content-Type: application/json; charset=utf-8
Content-Length: 128
Connection: keep-alive
content-security-policy: default-src 'self';base-uri 'self';font-src 'self' https: data:;form-action 'self';frame-ancestors 'self';img-src 'self' data:;object-src 'none';script-src 'self';script-src-attr 'none';style-src 'self' https: 'unsafe-inline';upgrade-insecure-requests
cross-origin-opener-policy: same-origin
cross-origin-resource-policy: same-origin
origin-agent-cluster: ?1
referrer-policy: no-referrer
strict-transport-security: max-age=15552000; includeSubDomains
x-content-type-options: nosniff
x-dns-prefetch-control: off
x-download-options: noopen
x-frame-options: SAMEORIGIN
x-permitted-cross-domain-policies: none
x-xss-protection: 0
x-ratelimit-limit: 5000
x-ratelimit-remaining: 4999
x-ratelimit-reset: 1
etag: W/"80-MLm0JrCENA0wUwLTnVyVNA57WmM"
CF-Cache-Status: DYNAMIC
Report-To: {"endpoints":[{"url":"https:\/\/a.nel.cloudflare.com\/report\/v3?s=ySClMdntEnsHJ87lpEeO1Q7O2D0EpmULM%2Fr7CFcSSm4xDcLWI8Iz0TFKHcmH2dCnlVjaWhJQsTrWK8f0o5EhYIGhqYo%2BGOncF50prB7tosU53OjEjbq%2FWcABFZG7e7Q0%2F6ylEebQgWo%3D"}],"group":"cf-nel","max_age":604800}
NEL: {"success_fraction":0,"report_to":"cf-nel","max_age":604800}
Server: cloudflare
CF-RAY: 8350667a8d984363-EWR
alt-svc: h3=":443"; ma=86400

{
    "success": false,
    "data": null,
    "error": "USER",
    "message": "Banco não disponível. Por favor verifique os dados e tente novamente."
}
]]></system-out>
  </testcase>
  <testcase name="cadastrarChavesPixEvpTest" classname="pix.PixKeysRunnerTest" time="1.341"/>
  <testcase name="dismissCreateKey" classname="pix.PixKeysRunnerTest" time="0.345"/>
  <testcase name="consultaChavesPix" classname="pix.PixKeysRunnerTest" time="0.341"/>
  <testcase name="deletarChavesPixTest" classname="pix.PixKeysRunnerTest" time="1.275"/>
  <testcase name="dismissDeleteKey" classname="pix.PixKeysRunnerTest" time="1.174"/>
</testsuite>