<?xml version="1.0" encoding="UTF-8"?>
<!-- Generated by org.testng.reporters.JUnitReportReporter -->
<testsuite hostname="RIMTMAC171932.local" failures="0" tests="5" name="pix.PixKeysRunnerTest" time="4.473" errors="0" timestamp="2023-12-13T15:51:50 BRT" skipped="0">
  <testcase classname="pix.PixKeysRunnerTest" name="cadastrarChavesPixEvpTest" time="1.340"/>
  <testcase classname="pix.PixKeysRunnerTest" name="dismissCreateKey" time="0.345"/>
  <testcase classname="pix.PixKeysRunnerTest" name="consultaChavesPix" time="0.341"/>
  <testcase classname="pix.PixKeysRunnerTest" name="deletarChavesPixTest" time="1.274"/>
  <testcase classname="pix.PixKeysRunnerTest" name="dismissDeleteKey" time="1.173"/>
</testsuite> <!-- pix.PixKeysRunnerTest -->
